<?xml version="1.0" encoding="UTF-8"?>
<!-- Generated by org.testng.reporters.JUnitReportReporter -->
<testsuite skipped="0" hostname="user-PC" name="com.udemy.testcases.LoginTest" tests="1" failures="0" timestamp="28 Apr 2020 20:47:17 GMT" time="2.845" errors="0">
  <testcase name="loginTest" time="2.845" classname="com.udemy.testcases.LoginTest"/>
</testsuite> <!-- com.udemy.testcases.LoginTest -->
